Using pre-set license
Built from '2020.3/staging' branch; Version is '2020.3.10f1 (297d780c91bc) revision 2719096'; Using compiler version '192528614'; Build Type 'Release'
OS: 'Windows 10 Home; OS build 19041.985; Version 2004; 64bit' Language: 'en' Physical Memory: 16336 MB
BatchMode: 1, IsHumanControllingUs: 0, StartBugReporterOnCrash: 0, Is64bit: 1, IsPro: 0

 COMMAND LINE ARGUMENTS:
C:\Program Files\Unity\Hub\Editor\2020.3.10f1\Editor\Unity.exe
-adb2
-batchMode
-noUpm
-name
AssetImportWorker0
-projectPath
D:/Projects/Unity/WooT
-logFile
Logs/AssetImportWorker0.log
-srvPort
57168
Successfully changed project path to: D:/Projects/Unity/WooT
D:/Projects/Unity/WooT
Using Asset Import Pipeline V2.
Unable to join player connection multicast group.

Unable to join player connection alternative multicast group.

Refreshing native plugins compatible for Editor in 106.86 ms, found 4 plugins.
Preloading 0 native plugins for Editor in 0.00 ms.
Initialize engine version: 2020.3.10f1 (297d780c91bc)
[Subsystems] Discovering subsystems at path C:/Program Files/Unity/Hub/Editor/2020.3.10f1/Editor/Data/Resources/UnitySubsystems
[Subsystems] Discovering subsystems at path D:/Projects/Unity/WooT/Assets
GfxDevice: creating device client; threaded=0
Direct3D:
    Version:  Direct3D 11.0 [level 11.1]
    Renderer: Radeon RX 580 Series (ID=0x67df)
    Vendor:   
    VRAM:     4075 MB
    Driver:   27.20.1034.6
Initialize mono
Mono path[0] = 'C:/Program Files/Unity/Hub/Editor/2020.3.10f1/Editor/Data/Managed'
Mono path[1] = 'C:/Program Files/Unity/Hub/Editor/2020.3.10f1/Editor/Data/MonoBleedingEdge/lib/mono/unityjit'
Mono config path = 'C:/Program Files/Unity/Hub/Editor/2020.3.10f1/Editor/Data/MonoBleedingEdge/etc'
Using monoOptions --debugger-agent=transport=dt_socket,embedding=1,server=y,suspend=n,address=127.0.0.1:56720
Begin MonoManager ReloadAssembly
Registering precompiled unity dll's ...
Register platform support module: C:/Program Files/Unity/Hub/Editor/2020.3.10f1/Editor/Data/PlaybackEngines/WebGLSupport/UnityEditor.WebGL.Extensions.dll
Register platform support module: C:/Program Files/Unity/Hub/Editor/2020.3.10f1/Editor/Data/PlaybackEngines/WindowsStandaloneSupport/UnityEditor.WindowsStandalone.Extensions.dll
Registered in 0.004122 seconds.
Native extension for WindowsStandalone target not found
Native extension for WebGL target not found
Refreshing native plugins compatible for Editor in 101.03 ms, found 4 plugins.
Preloading 0 native plugins for Editor in 0.00 ms.
Mono: successfully reloaded assembly
- Completed reload, in  1.749 seconds
Platform modules already initialized, skipping
Registering precompiled user dll's ...
Registered in 0.006233 seconds.
Begin MonoManager ReloadAssembly
Native extension for WindowsStandalone target not found
Native extension for WebGL target not found
Refreshing native plugins compatible for Editor in 108.13 ms, found 4 plugins.
Preloading 0 native plugins for Editor in 0.00 ms.
Mono: successfully reloaded assembly
- Completed reload, in  1.638 seconds
Platform modules already initialized, skipping
========================================================================
Worker process is ready to serve import requests
Launched and connected shader compiler UnityShaderCompiler.exe after 0.06 seconds
Refreshing native plugins compatible for Editor in 0.93 ms, found 4 plugins.
Preloading 0 native plugins for Editor in 0.00 ms.
Unloading 2577 Unused Serialized files (Serialized files now loaded: 0)
System memory in use before: 113.9 MB.
System memory in use after: 114.1 MB.

Unloading 34 unused Assets to reduce memory usage. Loaded Objects now: 3015.
Total: 3.035200 ms (FindLiveObjects: 0.298800 ms CreateObjectMapping: 0.077500 ms MarkObjects: 2.574200 ms  DeleteObjects: 0.083000 ms)

========================================================================
Received Import Request.
  path: Assets/Art/Player/Jesse_sprites.psb
  artifactKey: Guid(396e8896fc0341b4aa4a7a4a495a5d6f) Importer(815301076,1909f56bfc062723c751e8b465ee728b)
Start importing Assets/Art/Player/Jesse_sprites.psb using Guid(396e8896fc0341b4aa4a7a4a495a5d6f) Importer(815301076,1909f56bfc062723c751e8b465ee728b)  -> (artifact id: 'e10aa823e48b230c3b2ada869470a0f8') in 0.158040 seconds
  Import took 0.167034 seconds .

========================================================================
Received Import Request.
  Time since last request: 66.183771 seconds.
  path: Assets/Art/Level 1/Chair_twilight.psb
  artifactKey: Guid(90bcc4d94ec81ef4c9401ae4e279a6b9) Importer(815301076,1909f56bfc062723c751e8b465ee728b)
Start importing Assets/Art/Level 1/Chair_twilight.psb using Guid(90bcc4d94ec81ef4c9401ae4e279a6b9) Importer(815301076,1909f56bfc062723c751e8b465ee728b)  -> (artifact id: 'b9ba9420b24387892d5e7b126c7add80') in 0.015753 seconds
  Import took 0.020311 seconds .

========================================================================
Received Import Request.
  Time since last request: 12.491057 seconds.
  path: Assets/Art/Level 1/Chair_twilight.psb
  artifactKey: Guid(90bcc4d94ec81ef4c9401ae4e279a6b9) Importer(815301076,1909f56bfc062723c751e8b465ee728b)
Start importing Assets/Art/Level 1/Chair_twilight.psb using Guid(90bcc4d94ec81ef4c9401ae4e279a6b9) Importer(815301076,1909f56bfc062723c751e8b465ee728b)  -> (artifact id: '14283c192cf27d96c81f96c9e1e07e8f') in 0.017047 seconds
  Import took 0.021513 seconds .

========================================================================
Received Import Request.
  Time since last request: 19.616415 seconds.
  path: Assets/Art/Level 1/Chair_twilight.psb
  artifactKey: Guid(90bcc4d94ec81ef4c9401ae4e279a6b9) Importer(815301076,1909f56bfc062723c751e8b465ee728b)
Start importing Assets/Art/Level 1/Chair_twilight.psb using Guid(90bcc4d94ec81ef4c9401ae4e279a6b9) Importer(815301076,1909f56bfc062723c751e8b465ee728b)  -> (artifact id: '5e283ee90faaef7535ecd7c94f38f39e') in 0.014766 seconds
  Import took 0.019296 seconds .

========================================================================
Received Import Request.
  Time since last request: 8.294155 seconds.
  path: Assets/Art/Level 1/Chair_twilight.psb
  artifactKey: Guid(90bcc4d94ec81ef4c9401ae4e279a6b9) Importer(815301076,1909f56bfc062723c751e8b465ee728b)
Start importing Assets/Art/Level 1/Chair_twilight.psb using Guid(90bcc4d94ec81ef4c9401ae4e279a6b9) Importer(815301076,1909f56bfc062723c751e8b465ee728b)  -> (artifact id: '3ff2d07ce8979aedc06ff14c88b65ef8') in 0.014952 seconds
  Import took 0.019391 seconds .

========================================================================
Received Import Request.
  Time since last request: 7.324947 seconds.
  path: Assets/Art/Level 1/Chair_twilight.psb
  artifactKey: Guid(90bcc4d94ec81ef4c9401ae4e279a6b9) Importer(815301076,1909f56bfc062723c751e8b465ee728b)
Start importing Assets/Art/Level 1/Chair_twilight.psb using Guid(90bcc4d94ec81ef4c9401ae4e279a6b9) Importer(815301076,1909f56bfc062723c751e8b465ee728b)  -> (artifact id: '19057e8bad5e8267f525231f241fc96f') in 0.008624 seconds
  Import took 0.013166 seconds .

========================================================================
Received Import Request.
  Time since last request: 25.868278 seconds.
  path: Assets/Art/Level 1/Chair_twilight.psb
  artifactKey: Guid(90bcc4d94ec81ef4c9401ae4e279a6b9) Importer(815301076,1909f56bfc062723c751e8b465ee728b)
Start importing Assets/Art/Level 1/Chair_twilight.psb using Guid(90bcc4d94ec81ef4c9401ae4e279a6b9) Importer(815301076,1909f56bfc062723c751e8b465ee728b)  -> (artifact id: '8368ddf0dac2910f96a307c22200a183') in 0.008848 seconds
  Import took 0.013521 seconds .

========================================================================
Received Import Request.
  Time since last request: 0.003096 seconds.
  path: Assets/Art/Level 1/Chair_twilight.psb
  artifactKey: Guid(90bcc4d94ec81ef4c9401ae4e279a6b9) Importer(815301076,1909f56bfc062723c751e8b465ee728b)
Start importing Assets/Art/Level 1/Chair_twilight.psb using Guid(90bcc4d94ec81ef4c9401ae4e279a6b9) Importer(815301076,1909f56bfc062723c751e8b465ee728b)  -> (artifact id: '8368ddf0dac2910f96a307c22200a183') in 0.009057 seconds
  Import took 0.013586 seconds .

========================================================================
Received Import Request.
  Time since last request: 10.626947 seconds.
  path: Assets/Art/Level 1/Chair_twilight.psb
  artifactKey: Guid(90bcc4d94ec81ef4c9401ae4e279a6b9) Importer(815301076,1909f56bfc062723c751e8b465ee728b)
Start importing Assets/Art/Level 1/Chair_twilight.psb using Guid(90bcc4d94ec81ef4c9401ae4e279a6b9) Importer(815301076,1909f56bfc062723c751e8b465ee728b)  -> (artifact id: 'f83c6c8366fa33710d9f809ebe2bc239') in 0.016485 seconds
  Import took 0.020888 seconds .

========================================================================
Received Import Request.
  Time since last request: 6.212482 seconds.
  path: Assets/Art/Level 1/Chair_twilight.psb
  artifactKey: Guid(90bcc4d94ec81ef4c9401ae4e279a6b9) Importer(815301076,1909f56bfc062723c751e8b465ee728b)
Start importing Assets/Art/Level 1/Chair_twilight.psb using Guid(90bcc4d94ec81ef4c9401ae4e279a6b9) Importer(815301076,1909f56bfc062723c751e8b465ee728b)  -> (artifact id: '628b1165d167e571fda30b6da211f1b5') in 0.008597 seconds
  Import took 0.013029 seconds .

========================================================================
Received Import Request.
  Time since last request: 0.000768 seconds.
  path: Assets/Art/Level 1/Chair_twilight.psb
  artifactKey: Guid(90bcc4d94ec81ef4c9401ae4e279a6b9) Importer(815301076,1909f56bfc062723c751e8b465ee728b)
Start importing Assets/Art/Level 1/Chair_twilight.psb using Guid(90bcc4d94ec81ef4c9401ae4e279a6b9) Importer(815301076,1909f56bfc062723c751e8b465ee728b)  -> (artifact id: '628b1165d167e571fda30b6da211f1b5') in 0.008417 seconds
  Import took 0.012698 seconds .

========================================================================
Received Import Request.
  Time since last request: 6.298622 seconds.
  path: Assets/Art/Level 1/Chair_twilight.psb
  artifactKey: Guid(90bcc4d94ec81ef4c9401ae4e279a6b9) Importer(815301076,1909f56bfc062723c751e8b465ee728b)
Start importing Assets/Art/Level 1/Chair_twilight.psb using Guid(90bcc4d94ec81ef4c9401ae4e279a6b9) Importer(815301076,1909f56bfc062723c751e8b465ee728b)  -> (artifact id: 'e7107111e7f8852d93c749b762744338') in 0.007570 seconds
  Import took 0.012094 seconds .

========================================================================
Received Import Request.
  Time since last request: 800.176739 seconds.
  path: Assets/Art/Player/Jesse_sprites.psb
  artifactKey: Guid(396e8896fc0341b4aa4a7a4a495a5d6f) Importer(815301076,1909f56bfc062723c751e8b465ee728b)
Start importing Assets/Art/Player/Jesse_sprites.psb using Guid(396e8896fc0341b4aa4a7a4a495a5d6f) Importer(815301076,1909f56bfc062723c751e8b465ee728b)  -> (artifact id: '0d95ede1d7a6bfa5f404220c073206f3') in 0.037805 seconds
  Import took 0.042788 seconds .

========================================================================
Received Import Request.
  Time since last request: 124.760326 seconds.
  path: Assets/Art/Player/portrait_jesse.psb
  artifactKey: Guid(03ddde3fe5f3c084ca2f26e0e0fa33af) Importer(815301076,1909f56bfc062723c751e8b465ee728b)
Start importing Assets/Art/Player/portrait_jesse.psb using Guid(03ddde3fe5f3c084ca2f26e0e0fa33af) Importer(815301076,1909f56bfc062723c751e8b465ee728b)  -> (artifact id: '563b0b87413c8aa3fb595eae45b1946b') in 0.020142 seconds
  Import took 0.024782 seconds .

========================================================================
Received Import Request.
  Time since last request: 195.098516 seconds.
  path: Assets/Art/Characters/Josephine/portrait_josephine.psb
  artifactKey: Guid(5061e1381c8b76d4ea47d61288541f45) Importer(815301076,1909f56bfc062723c751e8b465ee728b)
Start importing Assets/Art/Characters/Josephine/portrait_josephine.psb using Guid(5061e1381c8b76d4ea47d61288541f45) Importer(815301076,1909f56bfc062723c751e8b465ee728b)  -> (artifact id: '2e21f0b2e3d34d22457d303908a6f00a') in 0.019828 seconds
  Import took 0.024461 seconds .

========================================================================
Received Import Request.
  Time since last request: 16.854117 seconds.
  path: Assets/Art/Characters/Josephine/portrait_josephine.psb
  artifactKey: Guid(5061e1381c8b76d4ea47d61288541f45) Importer(815301076,1909f56bfc062723c751e8b465ee728b)
Start importing Assets/Art/Characters/Josephine/portrait_josephine.psb using Guid(5061e1381c8b76d4ea47d61288541f45) Importer(815301076,1909f56bfc062723c751e8b465ee728b)  -> (artifact id: '468a6c4c9a6b5f0a18ea1255fd716ebb') in 0.017143 seconds
  Import took 0.041573 seconds .

========================================================================
Received Import Request.
  Time since last request: 34.493376 seconds.
  path: Assets/Art/Characters/Security/Security_Male_Spritesheet.psb
  artifactKey: Guid(b6c45c8ee31f2644bbb3108912a55eb4) Importer(815301076,1909f56bfc062723c751e8b465ee728b)
Start importing Assets/Art/Characters/Security/Security_Male_Spritesheet.psb using Guid(b6c45c8ee31f2644bbb3108912a55eb4) Importer(815301076,1909f56bfc062723c751e8b465ee728b)  -> (artifact id: '36e7477f6961e77710d465405eb8f49b') in 0.022052 seconds
  Import took 0.026554 seconds .

========================================================================
Received Import Request.
  Time since last request: 17.255783 seconds.
  path: Assets/Art/Characters/Josephine-sprites.psb
  artifactKey: Guid(28a432362680ca34ca0ad625717a247c) Importer(815301076,1909f56bfc062723c751e8b465ee728b)
Start importing Assets/Art/Characters/Josephine-sprites.psb using Guid(28a432362680ca34ca0ad625717a247c) Importer(815301076,1909f56bfc062723c751e8b465ee728b)  -> (artifact id: '4c4afa17e87d60dda9086499028c1237') in 0.016662 seconds
  Import took 0.021192 seconds .

========================================================================
Received Import Request.
  Time since last request: 33.171346 seconds.
  path: Assets/Art/Level 1/Billboard_twilight.psb
  artifactKey: Guid(744c632485a940645858c88aa241cbdf) Importer(815301076,1909f56bfc062723c751e8b465ee728b)
Start importing Assets/Art/Level 1/Billboard_twilight.psb using Guid(744c632485a940645858c88aa241cbdf) Importer(815301076,1909f56bfc062723c751e8b465ee728b)  -> (artifact id: '40aae28137d1e347d62dd9eb75517cae') in 0.014898 seconds
  Import took 0.019481 seconds .

========================================================================
Received Import Request.
  Time since last request: 14.051224 seconds.
  path: Assets/Art/Level 1/Locked Door.psb
  artifactKey: Guid(d176842cceef1d4419b7e93bc5bb37d4) Importer(815301076,1909f56bfc062723c751e8b465ee728b)
Start importing Assets/Art/Level 1/Locked Door.psb using Guid(d176842cceef1d4419b7e93bc5bb37d4) Importer(815301076,1909f56bfc062723c751e8b465ee728b)  -> (artifact id: '1e61f12915c4ad63973e7e03eb46b07b') in 0.015409 seconds
  Import took 0.019873 seconds .

========================================================================
Received Import Request.
  Time since last request: 0.000590 seconds.
  path: Assets/Art/Level 1/Locked Door.psb
  artifactKey: Guid(d176842cceef1d4419b7e93bc5bb37d4) Importer(815301076,1909f56bfc062723c751e8b465ee728b)
Start importing Assets/Art/Level 1/Locked Door.psb using Guid(d176842cceef1d4419b7e93bc5bb37d4) Importer(815301076,1909f56bfc062723c751e8b465ee728b)  -> (artifact id: '1e61f12915c4ad63973e7e03eb46b07b') in 0.007975 seconds
  Import took 0.012860 seconds .

========================================================================
Received Import Request.
  Time since last request: 26.644772 seconds.
  path: Assets/Art/Level 1/Office_Desk_Admin.psb
  artifactKey: Guid(712bd24268f690b46b8e5072f2ed3625) Importer(815301076,1909f56bfc062723c751e8b465ee728b)
Start importing Assets/Art/Level 1/Office_Desk_Admin.psb using Guid(712bd24268f690b46b8e5072f2ed3625) Importer(815301076,1909f56bfc062723c751e8b465ee728b)  -> (artifact id: '1f6849451fa9db91a580253a4dd8667a') in 0.014292 seconds
  Import took 0.019080 seconds .

========================================================================
Received Import Request.
  Time since last request: 0.000657 seconds.
  path: Assets/Art/Level 1/Office_Desk_Admin.psb
  artifactKey: Guid(712bd24268f690b46b8e5072f2ed3625) Importer(815301076,1909f56bfc062723c751e8b465ee728b)
Start importing Assets/Art/Level 1/Office_Desk_Admin.psb using Guid(712bd24268f690b46b8e5072f2ed3625) Importer(815301076,1909f56bfc062723c751e8b465ee728b)  -> (artifact id: '1f6849451fa9db91a580253a4dd8667a') in 0.008644 seconds
  Import took 0.013071 seconds .

========================================================================
Received Import Request.
  Time since last request: 56.521521 seconds.
  path: Assets/Scenes/Intro/Level 13.unity
  artifactKey: Guid(74e85bac6ed2298429b4574eaad1c549) Importer(815301076,1909f56bfc062723c751e8b465ee728b)
Start importing Assets/Scenes/Intro/Level 13.unity using Guid(74e85bac6ed2298429b4574eaad1c549) Importer(815301076,1909f56bfc062723c751e8b465ee728b)  -> (artifact id: '136abfd1f4559eedeb8b293101076976') in 0.009254 seconds
  Import took 0.013660 seconds .

========================================================================
Received Import Request.
  Time since last request: 23.957966 seconds.
  path: Assets/Art/objects/Computer_laptop.psb
  artifactKey: Guid(2f84c74e61b663b479ec101c0a87888d) Importer(815301076,1909f56bfc062723c751e8b465ee728b)
Start importing Assets/Art/objects/Computer_laptop.psb using Guid(2f84c74e61b663b479ec101c0a87888d) Importer(815301076,1909f56bfc062723c751e8b465ee728b)  -> (artifact id: '467c65dc1fc544b3a33015657db3fcd9') in 0.074360 seconds
  Import took 0.078897 seconds .

========================================================================
Received Import Request.
  Time since last request: 46.435469 seconds.
  path: Assets/Art/objects/keycard.psb
  artifactKey: Guid(74a33593c34dd1446af5c0c8c1481357) Importer(815301076,1909f56bfc062723c751e8b465ee728b)
Start importing Assets/Art/objects/keycard.psb using Guid(74a33593c34dd1446af5c0c8c1481357) Importer(815301076,1909f56bfc062723c751e8b465ee728b)  -> (artifact id: '726d303bd659b23dac5179c001f10161') in 0.014621 seconds
  Import took 0.032965 seconds .

========================================================================
Received Import Request.
  Time since last request: 22.521889 seconds.
  path: Assets/Art/objects/Spring/Spring.psb
  artifactKey: Guid(176b1144976bef54085232bdaca8907f) Importer(815301076,1909f56bfc062723c751e8b465ee728b)
Start importing Assets/Art/objects/Spring/Spring.psb using Guid(176b1144976bef54085232bdaca8907f) Importer(815301076,1909f56bfc062723c751e8b465ee728b)  -> (artifact id: 'b148539b4c599cf1c8ad396a9244c1be') in 0.017787 seconds
  Import took 0.023465 seconds .

========================================================================
Received Import Request.
  Time since last request: 30.477022 seconds.
  path: Assets/Art/objects/Mural/Save_Mural.psb
  artifactKey: Guid(ef47797db0a84094fa620ef140267905) Importer(815301076,1909f56bfc062723c751e8b465ee728b)
Start importing Assets/Art/objects/Mural/Save_Mural.psb using Guid(ef47797db0a84094fa620ef140267905) Importer(815301076,1909f56bfc062723c751e8b465ee728b)  -> (artifact id: '3d2a26c5c0d1cae8870aa99accd22dcd') in 0.019442 seconds
  Import took 0.024098 seconds .

========================================================================
Received Import Request.
  Time since last request: 19.888434 seconds.
  path: Assets/Art/objects/Locker/Locker_Open.psb
  artifactKey: Guid(9068e306269533d4ea548bdc109f1645) Importer(815301076,1909f56bfc062723c751e8b465ee728b)
Start importing Assets/Art/objects/Locker/Locker_Open.psb using Guid(9068e306269533d4ea548bdc109f1645) Importer(815301076,1909f56bfc062723c751e8b465ee728b)  -> (artifact id: '5efb0d13d575681af65e3de6929efe86') in 0.014277 seconds
  Import took 0.018703 seconds .

========================================================================
Received Import Request.
  Time since last request: 16.977997 seconds.
  path: Assets/Art/objects/Energy Seed/Energy_Seed.psb
  artifactKey: Guid(eec2ed9207993884d8828dabbacb1302) Importer(815301076,1909f56bfc062723c751e8b465ee728b)
Start importing Assets/Art/objects/Energy Seed/Energy_Seed.psb using Guid(eec2ed9207993884d8828dabbacb1302) Importer(815301076,1909f56bfc062723c751e8b465ee728b)  -> (artifact id: 'd2bfac73bd945b19a94eb099aaa76aa2') in 0.014365 seconds
  Import took 0.018753 seconds .

========================================================================
Received Import Request.
  Time since last request: 0.000306 seconds.
  path: Assets/Art/objects/Energy Seed/Energy_Seed.psb
  artifactKey: Guid(eec2ed9207993884d8828dabbacb1302) Importer(815301076,1909f56bfc062723c751e8b465ee728b)
Start importing Assets/Art/objects/Energy Seed/Energy_Seed.psb using Guid(eec2ed9207993884d8828dabbacb1302) Importer(815301076,1909f56bfc062723c751e8b465ee728b)  -> (artifact id: 'd2bfac73bd945b19a94eb099aaa76aa2') in 0.008048 seconds
  Import took 0.012507 seconds .

========================================================================
Received Import Request.
  Time since last request: 113.479067 seconds.
  path: Assets/Art/objects/dream_shard/dream_shard.psb
  artifactKey: Guid(7a017f0f1d1848249b66f946fd636766) Importer(815301076,1909f56bfc062723c751e8b465ee728b)
Start importing Assets/Art/objects/dream_shard/dream_shard.psb using Guid(7a017f0f1d1848249b66f946fd636766) Importer(815301076,1909f56bfc062723c751e8b465ee728b)  -> (artifact id: 'dddc377b5b2d6ca9e6d4c7ac82caa5bc') in 0.019909 seconds
  Import took 0.024591 seconds .

========================================================================
Received Import Request.
  Time since last request: 0.003432 seconds.
  path: Assets/Art/objects/dream_shard/dream_shard.psb
  artifactKey: Guid(7a017f0f1d1848249b66f946fd636766) Importer(815301076,1909f56bfc062723c751e8b465ee728b)
Start importing Assets/Art/objects/dream_shard/dream_shard.psb using Guid(7a017f0f1d1848249b66f946fd636766) Importer(815301076,1909f56bfc062723c751e8b465ee728b)  -> (artifact id: 'dddc377b5b2d6ca9e6d4c7ac82caa5bc') in 0.011755 seconds
  Import took 0.016220 seconds .

========================================================================
Received Import Request.
  Time since last request: 31.453135 seconds.
  path: Assets/Scenes/Main Menu.unity
  artifactKey: Guid(75d1a7bad4102014f9da899e858af496) Importer(815301076,1909f56bfc062723c751e8b465ee728b)
Start importing Assets/Scenes/Main Menu.unity using Guid(75d1a7bad4102014f9da899e858af496) Importer(815301076,1909f56bfc062723c751e8b465ee728b)  -> (artifact id: '8adfc16ad0eb958e38b961cee6428c7c') in 0.008570 seconds
  Import took 0.013197 seconds .

========================================================================
Received Prepare
Registering precompiled user dll's ...
Registered in 0.006513 seconds.
Begin MonoManager ReloadAssembly
Native extension for WindowsStandalone target not found
Native extension for WebGL target not found
Refreshing native plugins compatible for Editor in 0.92 ms, found 4 plugins.
Preloading 0 native plugins for Editor in 0.00 ms.
Mono: successfully reloaded assembly
- Completed reload, in  1.456 seconds
Platform modules already initialized, skipping
Refreshing native plugins compatible for Editor in 0.95 ms, found 4 plugins.
Preloading 0 native plugins for Editor in 0.00 ms.
Unloading 2551 Unused Serialized files (Serialized files now loaded: 0)
System memory in use before: 115.6 MB.
System memory in use after: 115.8 MB.

Unloading 22 unused Assets to reduce memory usage. Loaded Objects now: 3044.
Total: 3.251800 ms (FindLiveObjects: 0.295300 ms CreateObjectMapping: 0.080300 ms MarkObjects: 2.851200 ms  DeleteObjects: 0.023600 ms)

========================================================================
Received Import Request.
  Time since last request: 213.553380 seconds.
  path: Assets/Art/Coin.psb
  artifactKey: Guid(728d46ebdf4620e4eaf18346f77eee43) Importer(815301076,1909f56bfc062723c751e8b465ee728b)
Start importing Assets/Art/Coin.psb using Guid(728d46ebdf4620e4eaf18346f77eee43) Importer(815301076,1909f56bfc062723c751e8b465ee728b)  -> (artifact id: 'e72ffbaecb0e5cd04b9c1bb032933d92') in 0.108767 seconds
  Import took 0.113180 seconds .

========================================================================
Received Import Request.
  Time since last request: 15.377149 seconds.
  path: Assets/Art/Transitions.psb
  artifactKey: Guid(1ef53876f1301a643b4929bd761b7896) Importer(815301076,1909f56bfc062723c751e8b465ee728b)
Start importing Assets/Art/Transitions.psb using Guid(1ef53876f1301a643b4929bd761b7896) Importer(815301076,1909f56bfc062723c751e8b465ee728b)  -> (artifact id: '0a8cb34239dac4d6d53cb0b029f6cee6') in 0.057632 seconds
  Import took 0.062088 seconds .

========================================================================
Received Prepare
Registering precompiled user dll's ...
Registered in 0.006060 seconds.
Begin MonoManager ReloadAssembly
Native extension for WindowsStandalone target not found
Native extension for WebGL target not found
Refreshing native plugins compatible for Editor in 1.03 ms, found 4 plugins.
Preloading 0 native plugins for Editor in 0.00 ms.
Mono: successfully reloaded assembly
- Completed reload, in  1.419 seconds
Platform modules already initialized, skipping
Refreshing native plugins compatible for Editor in 0.91 ms, found 4 plugins.
Preloading 0 native plugins for Editor in 0.00 ms.
Unloading 2551 Unused Serialized files (Serialized files now loaded: 0)
System memory in use before: 115.6 MB.
System memory in use after: 115.9 MB.

Unloading 22 unused Assets to reduce memory usage. Loaded Objects now: 3053.
Total: 2.850400 ms (FindLiveObjects: 0.287200 ms CreateObjectMapping: 0.075200 ms MarkObjects: 2.467600 ms  DeleteObjects: 0.019300 ms)

========================================================================
Received Import Request.
  Time since last request: 87.721164 seconds.
  path: Assets/Prefab/Essentials/UI.prefab
  artifactKey: Guid(8e971e8fceb51504cb9d01b0cf875fd3) Importer(815301076,1909f56bfc062723c751e8b465ee728b)
Start importing Assets/Prefab/Essentials/UI.prefab using Guid(8e971e8fceb51504cb9d01b0cf875fd3) Importer(815301076,1909f56bfc062723c751e8b465ee728b)  -> (artifact id: '625751461574e61db25814032fc6c15b') in 0.130902 seconds
  Import took 0.135979 seconds .

========================================================================
Received Prepare
Registering precompiled user dll's ...
Registered in 0.005812 seconds.
Begin MonoManager ReloadAssembly
Native extension for WindowsStandalone target not found
Native extension for WebGL target not found
Refreshing native plugins compatible for Editor in 1.10 ms, found 4 plugins.
Preloading 0 native plugins for Editor in 0.00 ms.
Mono: successfully reloaded assembly
- Completed reload, in  1.480 seconds
Platform modules already initialized, skipping
Refreshing native plugins compatible for Editor in 0.95 ms, found 4 plugins.
Preloading 0 native plugins for Editor in 0.00 ms.
Unloading 2551 Unused Serialized files (Serialized files now loaded: 0)
System memory in use before: 115.9 MB.
System memory in use after: 116.1 MB.

Unloading 23 unused Assets to reduce memory usage. Loaded Objects now: 3058.
Total: 2.989900 ms (FindLiveObjects: 0.305900 ms CreateObjectMapping: 0.085300 ms MarkObjects: 2.567700 ms  DeleteObjects: 0.029400 ms)

========================================================================
Received Import Request.
  Time since last request: 274.574801 seconds.
  path: Assets/Scenes/Intro/Level 1.unity
  artifactKey: Guid(2cda990e2423bbf4892e6590ba056729) Importer(815301076,1909f56bfc062723c751e8b465ee728b)
Start importing Assets/Scenes/Intro/Level 1.unity using Guid(2cda990e2423bbf4892e6590ba056729) Importer(815301076,1909f56bfc062723c751e8b465ee728b)  -> (artifact id: '529cb16b3f485e8036f0f8ac816b6f19') in 0.019256 seconds
  Import took 0.023907 seconds .

========================================================================
Received Prepare
Registering precompiled user dll's ...
Registered in 0.005997 seconds.
Begin MonoManager ReloadAssembly
Native extension for WindowsStandalone target not found
Native extension for WebGL target not found
Refreshing native plugins compatible for Editor in 0.94 ms, found 4 plugins.
Preloading 0 native plugins for Editor in 0.00 ms.
Mono: successfully reloaded assembly
- Completed reload, in  1.398 seconds
Platform modules already initialized, skipping
Refreshing native plugins compatible for Editor in 0.92 ms, found 4 plugins.
Preloading 0 native plugins for Editor in 0.00 ms.
Unloading 2551 Unused Serialized files (Serialized files now loaded: 0)
System memory in use before: 115.9 MB.
System memory in use after: 116.1 MB.

Unloading 22 unused Assets to reduce memory usage. Loaded Objects now: 3061.
Total: 2.855900 ms (FindLiveObjects: 0.313200 ms CreateObjectMapping: 0.091300 ms MarkObjects: 2.426700 ms  DeleteObjects: 0.023300 ms)

========================================================================
Received Prepare
Registering precompiled user dll's ...
Registered in 0.007017 seconds.
Begin MonoManager ReloadAssembly
Native extension for WindowsStandalone target not found
Native extension for WebGL target not found
Refreshing native plugins compatible for Editor in 1.00 ms, found 4 plugins.
Preloading 0 native plugins for Editor in 0.00 ms.
Mono: successfully reloaded assembly
- Completed reload, in  1.535 seconds
Platform modules already initialized, skipping
Refreshing native plugins compatible for Editor in 1.00 ms, found 4 plugins.
Preloading 0 native plugins for Editor in 0.00 ms.
Unloading 2551 Unused Serialized files (Serialized files now loaded: 0)
System memory in use before: 115.8 MB.
System memory in use after: 116.1 MB.

Unloading 22 unused Assets to reduce memory usage. Loaded Objects now: 3064.
Total: 3.620800 ms (FindLiveObjects: 0.291600 ms CreateObjectMapping: 0.078800 ms MarkObjects: 3.217200 ms  DeleteObjects: 0.031400 ms)

========================================================================
Received Import Request.
  Time since last request: 432.190047 seconds.
  path: Assets/Scenes/Intro/Level 4.unity
  artifactKey: Guid(8bf1e9e2e4ab5184f931ddd3abb8494c) Importer(815301076,1909f56bfc062723c751e8b465ee728b)
Start importing Assets/Scenes/Intro/Level 4.unity using Guid(8bf1e9e2e4ab5184f931ddd3abb8494c) Importer(815301076,1909f56bfc062723c751e8b465ee728b)  -> (artifact id: '5a5be107072be66d72a22e2a4989562e') in 0.019921 seconds
  Import took 0.024811 seconds .

========================================================================
Received Prepare
Registering precompiled user dll's ...
Registered in 0.005999 seconds.
Begin MonoManager ReloadAssembly
Native extension for WindowsStandalone target not found
Native extension for WebGL target not found
Refreshing native plugins compatible for Editor in 0.98 ms, found 4 plugins.
Preloading 0 native plugins for Editor in 0.00 ms.
Mono: successfully reloaded assembly
- Completed reload, in  1.530 seconds
Platform modules already initialized, skipping
Refreshing native plugins compatible for Editor in 1.10 ms, found 4 plugins.
Preloading 0 native plugins for Editor in 0.00 ms.
Unloading 2551 Unused Serialized files (Serialized files now loaded: 0)
System memory in use before: 116.0 MB.
System memory in use after: 116.2 MB.

Unloading 22 unused Assets to reduce memory usage. Loaded Objects now: 3067.
Total: 3.384800 ms (FindLiveObjects: 0.298400 ms CreateObjectMapping: 0.080400 ms MarkObjects: 2.980700 ms  DeleteObjects: 0.023500 ms)

========================================================================
Received Import Request.
  Time since last request: 481.423423 seconds.
  path: Assets/Scenes/Intro/Cutscene 1.unity
  artifactKey: Guid(2112a297dd419ac4aa127916ce1018da) Importer(815301076,1909f56bfc062723c751e8b465ee728b)
Start importing Assets/Scenes/Intro/Cutscene 1.unity using Guid(2112a297dd419ac4aa127916ce1018da) Importer(815301076,1909f56bfc062723c751e8b465ee728b)  -> (artifact id: '76c28ebeff845ee235a7d94e22e5e31e') in 0.053297 seconds
  Import took 0.058380 seconds .

========================================================================
Received Prepare
Registering precompiled user dll's ...
Registered in 0.006461 seconds.
Begin MonoManager ReloadAssembly
Native extension for WindowsStandalone target not found
Native extension for WebGL target not found
Refreshing native plugins compatible for Editor in 1.01 ms, found 4 plugins.
Preloading 0 native plugins for Editor in 0.00 ms.
Mono: successfully reloaded assembly
- Completed reload, in  1.441 seconds
Platform modules already initialized, skipping
Refreshing native plugins compatible for Editor in 0.94 ms, found 4 plugins.
Preloading 0 native plugins for Editor in 0.00 ms.
Unloading 2551 Unused Serialized files (Serialized files now loaded: 0)
System memory in use before: 116.0 MB.
System memory in use after: 116.2 MB.

Unloading 22 unused Assets to reduce memory usage. Loaded Objects now: 3070.
Total: 2.904700 ms (FindLiveObjects: 0.307700 ms CreateObjectMapping: 0.093000 ms MarkObjects: 2.476700 ms  DeleteObjects: 0.025600 ms)

========================================================================
Received Prepare
Registering precompiled user dll's ...
Registered in 0.005890 seconds.
Begin MonoManager ReloadAssembly
Native extension for WindowsStandalone target not found
Native extension for WebGL target not found
Refreshing native plugins compatible for Editor in 1.02 ms, found 4 plugins.
Preloading 0 native plugins for Editor in 0.00 ms.
Mono: successfully reloaded assembly
- Completed reload, in  1.450 seconds
Platform modules already initialized, skipping
Refreshing native plugins compatible for Editor in 0.96 ms, found 4 plugins.
Preloading 0 native plugins for Editor in 0.00 ms.
Unloading 2551 Unused Serialized files (Serialized files now loaded: 0)
System memory in use before: 116.0 MB.
System memory in use after: 116.2 MB.

Unloading 22 unused Assets to reduce memory usage. Loaded Objects now: 3073.
Total: 3.231800 ms (FindLiveObjects: 0.297600 ms CreateObjectMapping: 0.078200 ms MarkObjects: 2.825700 ms  DeleteObjects: 0.028300 ms)

========================================================================
Received Prepare
Registering precompiled user dll's ...
Registered in 0.005839 seconds.
Begin MonoManager ReloadAssembly
Native extension for WindowsStandalone target not found
Native extension for WebGL target not found
Refreshing native plugins compatible for Editor in 1.39 ms, found 4 plugins.
Preloading 0 native plugins for Editor in 0.00 ms.
Mono: successfully reloaded assembly
- Completed reload, in  1.410 seconds
Platform modules already initialized, skipping
Refreshing native plugins compatible for Editor in 0.93 ms, found 4 plugins.
Preloading 0 native plugins for Editor in 0.00 ms.
Unloading 2551 Unused Serialized files (Serialized files now loaded: 0)
System memory in use before: 116.0 MB.
System memory in use after: 116.2 MB.

Unloading 22 unused Assets to reduce memory usage. Loaded Objects now: 3076.
Total: 3.131100 ms (FindLiveObjects: 0.315000 ms CreateObjectMapping: 0.081300 ms MarkObjects: 2.708900 ms  DeleteObjects: 0.024300 ms)

========================================================================
Received Import Request.
  Time since last request: 665.819609 seconds.
  path: Assets/Art/Ball.psb
  artifactKey: Guid(d52cd92b6f323a94faf4be3b8b603a91) Importer(815301076,1909f56bfc062723c751e8b465ee728b)
Start importing Assets/Art/Ball.psb using Guid(d52cd92b6f323a94faf4be3b8b603a91) Importer(815301076,1909f56bfc062723c751e8b465ee728b)  -> (artifact id: 'fb7292113020f4b58d23dfde5d03851c') in 0.113642 seconds
  Import took 0.118340 seconds .

========================================================================
Received Import Request.
  Time since last request: 4.046846 seconds.
  path: Assets/Art/Ball.psb
  artifactKey: Guid(d52cd92b6f323a94faf4be3b8b603a91) Importer(815301076,1909f56bfc062723c751e8b465ee728b)
Start importing Assets/Art/Ball.psb using Guid(d52cd92b6f323a94faf4be3b8b603a91) Importer(815301076,1909f56bfc062723c751e8b465ee728b)  -> (artifact id: 'd6d8ed67fc1c94afec69c47c7057d290') in 0.019418 seconds
  Import took 0.024066 seconds .

========================================================================
Received Import Request.
  Time since last request: 0.008893 seconds.
  path: Assets/Art/Ball.psb
  artifactKey: Guid(d52cd92b6f323a94faf4be3b8b603a91) Importer(815301076,1909f56bfc062723c751e8b465ee728b)
Start importing Assets/Art/Ball.psb using Guid(d52cd92b6f323a94faf4be3b8b603a91) Importer(815301076,1909f56bfc062723c751e8b465ee728b)  -> (artifact id: 'd6d8ed67fc1c94afec69c47c7057d290') in 0.014766 seconds
  Import took 0.019295 seconds .

========================================================================
Received Prepare
Registering precompiled user dll's ...
Registered in 0.005953 seconds.
Begin MonoManager ReloadAssembly
Native extension for WindowsStandalone target not found
Native extension for WebGL target not found
Refreshing native plugins compatible for Editor in 1.43 ms, found 4 plugins.
Preloading 0 native plugins for Editor in 0.00 ms.
Mono: successfully reloaded assembly
- Completed reload, in  1.418 seconds
Platform modules already initialized, skipping
Refreshing native plugins compatible for Editor in 0.95 ms, found 4 plugins.
Preloading 0 native plugins for Editor in 0.00 ms.
Unloading 2551 Unused Serialized files (Serialized files now loaded: 0)
System memory in use before: 115.9 MB.
System memory in use after: 116.2 MB.

Unloading 22 unused Assets to reduce memory usage. Loaded Objects now: 3082.
Total: 3.179300 ms (FindLiveObjects: 0.328700 ms CreateObjectMapping: 0.080000 ms MarkObjects: 2.744300 ms  DeleteObjects: 0.024200 ms)

========================================================================
Received Prepare
Refreshing native plugins compatible for Editor in 6.68 ms, found 4 plugins.
Preloading 0 native plugins for Editor in 0.00 ms.
Unloading 17 Unused Serialized files (Serialized files now loaded: 0)
System memory in use before: 65.8 MB.
System memory in use after: 66.0 MB.

Unloading 17 unused Assets to reduce memory usage. Loaded Objects now: 3082.
Total: 3.093800 ms (FindLiveObjects: 0.289800 ms CreateObjectMapping: 0.078500 ms MarkObjects: 2.703200 ms  DeleteObjects: 0.021100 ms)

AssetImportWorkerClient::OnTransportError - code=2 error=End of file
